<?xml version="1.0" encoding="UTF-8"?>
<!-- Generated by org.testng.reporters.JUnitReportReporter -->
<testsuite hostname="DESKTOP-6PKPT34" failures="0" tests="2" name="testAE1.AE_TSC002" time="30.885" errors="0" timestamp="2024-04-26T10:43:38 IST" skipped="0">
  <testcase classname="testAE1.AE_TSC002" name="addToCartRecommendedProducts" time="14.929"/>
  <system-out/>
  <testcase classname="testAE1.AE_TSC002" name="removeProductFromCart" time="15.956"/>
  <system-out/>
</testsuite> <!-- testAE1.AE_TSC002 -->
